14:02:39.874 [main] INFO  testCases.AccountRegistrationTest - ********Strating TC_001AccountRegistertest 
14:02:39.904 [main] INFO  testCases.AccountRegistrationTest - Clicked on My Account
14:02:39.905 [main] ERROR testCases.AccountRegistrationTest - Test Faild
14:02:39.905 [main] DEBUG testCases.AccountRegistrationTest - debug logs 
14:07:43.095 [main] INFO  testCases.AccountRegistrationTest - ********Strating TC_001AccountRegistertest 
14:07:43.118 [main] INFO  testCases.AccountRegistrationTest - Clicked on My Account
14:07:43.118 [main] ERROR testCases.AccountRegistrationTest - Test Faild
14:07:43.119 [main] DEBUG testCases.AccountRegistrationTest - debug logs 
14:11:50.658 [main] INFO  testCases.AccountRegistrationTest - ********Strating TC_001AccountRegistertest 
14:11:50.673 [main] INFO  testCases.AccountRegistrationTest - Clicked on My Account
14:11:50.674 [main] ERROR testCases.AccountRegistrationTest - Test Faild
14:11:50.674 [main] DEBUG testCases.AccountRegistrationTest - debug logs 
14:16:31.790 [main] INFO  testCases.AccountRegistrationTest - ********Strating TC_001AccountRegistertest 
14:16:31.824 [main] INFO  testCases.AccountRegistrationTest - Clicked on My Account
14:16:31.824 [main] ERROR testCases.AccountRegistrationTest - Test Faild
14:16:31.824 [main] DEBUG testCases.AccountRegistrationTest - debug logs 
14:18:04.922 [main] INFO  testCases.AccountRegistrationTest - ********Strating TC_001AccountRegistertest 
14:18:04.960 [main] ERROR testCases.AccountRegistrationTest - Test Faild
14:18:04.961 [main] DEBUG testCases.AccountRegistrationTest - debug logs 
14:18:04.961 [main] INFO  testCases.AccountRegistrationTest - ********Finished TC_001AccountRegistertest 
14:29:26.480 [main] INFO  testCases.AccountRegistrationTest - ********Strating TC_001AccountRegistertest 
14:29:26.514 [main] ERROR testCases.AccountRegistrationTest - Test Faild
14:29:26.514 [main] DEBUG testCases.AccountRegistrationTest - debug logs 
14:29:26.514 [main] INFO  testCases.AccountRegistrationTest - ****01A****Finished TC_001AccountRegistertest 
14:30:50.969 [main] INFO  testCases.AccountRegistrationTest - ********Strating TC_0ccountRegistertest 
14:30:51.011 [main] ERROR testCases.AccountRegistrationTest - Test Faild
14:30:51.011 [main] INFO  testCases.AccountRegistrationTest - ********Finished TC_001AccountRegistertest 
15:43:53.956 [main] INFO  testCases.AccountRegistrationTest - ********Strating TC_001AccountRegistertest 
15:43:53.992 [main] ERROR testCases.AccountRegistrationTest - Test Faild
15:43:53.993 [main] INFO  testCases.AccountRegistrationTest - ********Finished TC_001AccountRegistertest 
15:45:57.719 [main] INFO  testCases.AccountRegistrationTest - ********Strating TC_001AccountRegistertest 
15:45:57.778 [main] ERROR testCases.AccountRegistrationTest - Test Faild
15:45:57.778 [main] INFO  testCases.AccountRegistrationTest - ********Finished TC_001AccountRegistertest 
15:46:11.315 [main] INFO  testCases.AccountRegistrationTest - ********Strating TC_001AccountRegistertest 
15:46:11.317 [main] ERROR testCases.AccountRegistrationTest - Test Faild
15:46:11.318 [main] INFO  testCases.AccountRegistrationTest - ********Finished TC_001AccountRegistertest 
15:46:21.752 [main] INFO  testCases.AccountRegistrationTest - ********Strating TC_001AccountRegistertest 
15:46:21.752 [main] ERROR testCases.AccountRegistrationTest - Test Faild
15:46:21.752 [main] INFO  testCases.AccountRegistrationTest - ********Finished TC_001AccountRegistertest 
16:18:36.331 [main] INFO  testCases.AccountRegistrationTest - ********Strating TC_001AccountRegistertest 
16:18:36.351 [main] ERROR testCases.AccountRegistrationTest - Test Faild
16:18:36.351 [main] INFO  testCases.AccountRegistrationTest - ********Finished TC_001AccountRegistertest 
17:20:20.724 [main] INFO  testCases.AccountRegistrationTest - ********Strating TC_001AccountRegistertest 
17:20:20.757 [main] ERROR testCases.AccountRegistrationTest - Test Faild
17:20:20.757 [main] INFO  testCases.AccountRegistrationTest - ********Finished TC_001AccountRegistertest 
17:21:01.029 [main] INFO  testCases.AccountRegistrationTest - ********Strating TC_001AccountRegistertest 
17:21:01.052 [main] ERROR testCases.AccountRegistrationTest - Test Faild
17:21:01.052 [main] INFO  testCases.AccountRegistrationTest - ********Finished TC_001AccountRegistertest 
17:22:10.519 [main] INFO  testCases.AccountRegistrationTest - ********Strating TC_001AccountRegistertest 
17:22:10.546 [main] ERROR testCases.AccountRegistrationTest - Test Faild
17:22:10.546 [main] INFO  testCases.AccountRegistrationTest - ********Finished TC_001AccountRegistertest 
17:23:05.980 [main] INFO  testCases.AccountRegistrationTest - ********Strating TC_001AccountRegistertest 
17:23:05.997 [main] ERROR testCases.AccountRegistrationTest - Test Faild
17:23:05.998 [main] INFO  testCases.AccountRegistrationTest - ********Finished TC_001AccountRegistertest 
17:23:24.190 [main] INFO  testCases.AccountRegistrationTest - ********Strating TC_001AccountRegistertest 
